mode: atomic
github.com/ShatteredRealms/Accounts/pkg/helpers/payloads.go:23.31,26.66 2 4
github.com/ShatteredRealms/Accounts/pkg/helpers/payloads.go:38.2,38.39 1 4
github.com/ShatteredRealms/Accounts/pkg/helpers/payloads.go:26.66,27.18 1 36
github.com/ShatteredRealms/Accounts/pkg/helpers/payloads.go:30.3,30.64 1 36
github.com/ShatteredRealms/Accounts/pkg/helpers/payloads.go:34.3,35.11 2 36
github.com/ShatteredRealms/Accounts/pkg/helpers/payloads.go:27.18,29.4 1 2
github.com/ShatteredRealms/Accounts/pkg/helpers/payloads.go:30.64,33.4 2 30
github.com/ShatteredRealms/Accounts/pkg/helpers/requests.go:20.46,22.33 2 2
github.com/ShatteredRealms/Accounts/pkg/helpers/requests.go:25.2,25.32 1 1
github.com/ShatteredRealms/Accounts/pkg/helpers/requests.go:22.33,24.3 1 1
github.com/ShatteredRealms/Accounts/pkg/helpers/requests.go:30.98,44.2 5 3
github.com/ShatteredRealms/Accounts/pkg/helpers/requests.go:48.116,51.17 3 2
github.com/ShatteredRealms/Accounts/pkg/helpers/requests.go:61.2,61.16 1 2
github.com/ShatteredRealms/Accounts/pkg/helpers/requests.go:65.2,65.30 1 2
github.com/ShatteredRealms/Accounts/pkg/helpers/requests.go:69.2,70.12 2 2
github.com/ShatteredRealms/Accounts/pkg/helpers/requests.go:51.17,53.17 2 1
github.com/ShatteredRealms/Accounts/pkg/helpers/requests.go:57.3,57.66 1 1
github.com/ShatteredRealms/Accounts/pkg/helpers/requests.go:53.17,55.4 1 0
github.com/ShatteredRealms/Accounts/pkg/helpers/requests.go:58.8,60.3 1 1
github.com/ShatteredRealms/Accounts/pkg/helpers/requests.go:61.16,63.3 1 0
github.com/ShatteredRealms/Accounts/pkg/helpers/requests.go:65.30,67.3 1 2
github.com/ShatteredRealms/Accounts/pkg/helpers/requests.go:75.34,79.2 1 2
github.com/ShatteredRealms/Accounts/internal/option/config.go:79.25,84.2 4 1
github.com/ShatteredRealms/Accounts/internal/option/config.go:87.35,89.2 1 4
github.com/ShatteredRealms/Accounts/internal/option/config.go:92.43,93.21 1 17
github.com/ShatteredRealms/Accounts/internal/option/config.go:96.2,96.18 1 13
github.com/ShatteredRealms/Accounts/internal/option/config.go:93.21,95.3 1 4
github.com/ShatteredRealms/Accounts/internal/option/config.go:100.35,102.2 1 2
github.com/ShatteredRealms/Accounts/internal/option/config.go:104.30,111.2 6 1
github.com/ShatteredRealms/Accounts/internal/option/config.go:113.36,115.2 1 5
github.com/ShatteredRealms/Accounts/internal/option/config.go:117.29,123.2 5 1
github.com/ShatteredRealms/Accounts/internal/option/config.go:125.35,127.37 2 5
github.com/ShatteredRealms/Accounts/internal/option/config.go:127.37,129.3 1 5
github.com/ShatteredRealms/Accounts/internal/option/config.go:132.37,134.32 2 5
github.com/ShatteredRealms/Accounts/internal/option/config.go:139.2,139.14 1 5
github.com/ShatteredRealms/Accounts/internal/option/config.go:134.32,135.21 1 15
github.com/ShatteredRealms/Accounts/internal/option/config.go:135.21,137.4 1 0
github.com/ShatteredRealms/Accounts/internal/controller/v1/health/health_c.go:23.29,25.2 1 0
github.com/ShatteredRealms/Accounts/pkg/middlewares/content_type.go:12.46,13.30 1 3
github.com/ShatteredRealms/Accounts/pkg/middlewares/content_type.go:13.30,14.27 1 3
github.com/ShatteredRealms/Accounts/pkg/middlewares/content_type.go:15.25,15.25 0 0
github.com/ShatteredRealms/Accounts/pkg/middlewares/content_type.go:16.24,16.24 0 2
github.com/ShatteredRealms/Accounts/pkg/middlewares/content_type.go:17.23,18.66 1 0
github.com/ShatteredRealms/Accounts/pkg/middlewares/content_type.go:23.11,24.12 1 1
github.com/ShatteredRealms/Accounts/pkg/middlewares/content_type.go:18.66,22.5 3 0
github.com/ShatteredRealms/Accounts/pkg/middlewares/cors.go:11.39,12.30 1 9
github.com/ShatteredRealms/Accounts/pkg/middlewares/cors.go:12.30,13.47 1 9
github.com/ShatteredRealms/Accounts/pkg/middlewares/cors.go:18.3,25.45 7 0
github.com/ShatteredRealms/Accounts/pkg/middlewares/cors.go:13.47,16.4 2 9
github.com/ShatteredRealms/Accounts/pkg/middlewares/cors.go:25.45,28.4 1 0
github.com/ShatteredRealms/Accounts/pkg/middlewares/cors.go:28.9,30.4 1 0
github.com/ShatteredRealms/Accounts/pkg/service/token.go:27.62,31.16 3 13
github.com/ShatteredRealms/Accounts/pkg/service/token.go:35.2,36.16 2 12
github.com/ShatteredRealms/Accounts/pkg/service/token.go:40.2,43.8 1 11
github.com/ShatteredRealms/Accounts/pkg/service/token.go:31.16,33.3 1 1
github.com/ShatteredRealms/Accounts/pkg/service/token.go:36.16,38.3 1 1
github.com/ShatteredRealms/Accounts/pkg/service/token.go:48.95,50.16 2 6
github.com/ShatteredRealms/Accounts/pkg/service/token.go:53.2,61.37 7 5
github.com/ShatteredRealms/Accounts/pkg/service/token.go:68.2,69.16 2 4
github.com/ShatteredRealms/Accounts/pkg/service/token.go:73.2,73.19 1 3
github.com/ShatteredRealms/Accounts/pkg/service/token.go:50.16,52.3 1 1
github.com/ShatteredRealms/Accounts/pkg/service/token.go:61.37,62.23 1 3
github.com/ShatteredRealms/Accounts/pkg/service/token.go:65.3,65.16 1 2
github.com/ShatteredRealms/Accounts/pkg/service/token.go:62.23,64.4 1 1
github.com/ShatteredRealms/Accounts/pkg/service/token.go:69.16,71.3 1 1
github.com/ShatteredRealms/Accounts/pkg/service/token.go:78.65,80.16 2 2
github.com/ShatteredRealms/Accounts/pkg/service/token.go:84.2,84.83 1 1
github.com/ShatteredRealms/Accounts/pkg/service/token.go:90.2,90.16 1 1
github.com/ShatteredRealms/Accounts/pkg/service/token.go:94.2,95.31 2 1
github.com/ShatteredRealms/Accounts/pkg/service/token.go:99.2,99.20 1 1
github.com/ShatteredRealms/Accounts/pkg/service/token.go:80.16,82.3 1 1
github.com/ShatteredRealms/Accounts/pkg/service/token.go:84.83,85.57 1 1
github.com/ShatteredRealms/Accounts/pkg/service/token.go:88.3,88.18 1 1
github.com/ShatteredRealms/Accounts/pkg/service/token.go:85.57,87.4 1 0
github.com/ShatteredRealms/Accounts/pkg/service/token.go:90.16,92.3 1 0
github.com/ShatteredRealms/Accounts/pkg/service/token.go:95.31,97.3 1 0
github.com/ShatteredRealms/Accounts/pkg/service/user_s.go:21.62,25.2 1 0
github.com/ShatteredRealms/Accounts/pkg/service/user_s.go:27.66,29.2 1 0
github.com/ShatteredRealms/Accounts/pkg/service/user_s.go:31.64,33.2 1 0
github.com/ShatteredRealms/Accounts/pkg/service/user_s.go:35.56,38.2 2 0
github.com/ShatteredRealms/Accounts/pkg/service/user_s.go:40.51,42.2 1 0
github.com/ShatteredRealms/Accounts/pkg/service/user_s.go:44.59,46.2 1 0
github.com/ShatteredRealms/Accounts/pkg/model/ResponseModel.go:23.89,28.2 4 1
github.com/ShatteredRealms/Accounts/pkg/model/ResponseModel.go:31.71,33.2 1 1
github.com/ShatteredRealms/Accounts/pkg/model/ResponseModel.go:35.63,37.2 1 1
github.com/ShatteredRealms/Accounts/pkg/model/ResponseModel.go:39.75,41.2 1 1
github.com/ShatteredRealms/Accounts/pkg/model/ResponseModel.go:43.71,45.2 1 1
github.com/ShatteredRealms/Accounts/pkg/model/ResponseModel.go:47.70,49.2 1 1
github.com/ShatteredRealms/Accounts/pkg/model/ResponseModel.go:51.78,60.2 6 5
github.com/ShatteredRealms/Accounts/pkg/model/ResponseModel.go:62.84,65.2 2 3
github.com/ShatteredRealms/Accounts/pkg/model/ResponseModel.go:67.64,74.2 1 6
github.com/ShatteredRealms/Accounts/pkg/model/user.go:27.33,28.19 1 12
github.com/ShatteredRealms/Accounts/pkg/model/user.go:32.2,32.54 1 11
github.com/ShatteredRealms/Accounts/pkg/model/user.go:36.2,36.23 1 10
github.com/ShatteredRealms/Accounts/pkg/model/user.go:40.2,40.22 1 9
github.com/ShatteredRealms/Accounts/pkg/model/user.go:44.2,44.22 1 8
github.com/ShatteredRealms/Accounts/pkg/model/user.go:48.2,48.41 1 7
github.com/ShatteredRealms/Accounts/pkg/model/user.go:52.2,52.41 1 6
github.com/ShatteredRealms/Accounts/pkg/model/user.go:56.2,56.12 1 5
github.com/ShatteredRealms/Accounts/pkg/model/user.go:28.19,30.3 1 1
github.com/ShatteredRealms/Accounts/pkg/model/user.go:32.54,34.3 1 1
github.com/ShatteredRealms/Accounts/pkg/model/user.go:36.23,38.3 1 1
github.com/ShatteredRealms/Accounts/pkg/model/user.go:40.22,42.3 1 1
github.com/ShatteredRealms/Accounts/pkg/model/user.go:44.22,46.3 1 1
github.com/ShatteredRealms/Accounts/pkg/model/user.go:48.41,50.3 1 1
github.com/ShatteredRealms/Accounts/pkg/model/user.go:52.41,54.3 1 1
github.com/ShatteredRealms/Accounts/pkg/model/user.go:60.45,62.16 2 3
github.com/ShatteredRealms/Accounts/pkg/model/user.go:69.2,69.12 1 1
github.com/ShatteredRealms/Accounts/pkg/model/user.go:62.16,63.91 1 2
github.com/ShatteredRealms/Accounts/pkg/model/user.go:66.3,66.13 1 2
github.com/ShatteredRealms/Accounts/pkg/model/user.go:63.91,65.4 1 1
github.com/ShatteredRealms/Accounts/pkg/model/user.go:72.30,74.2 1 2
github.com/ShatteredRealms/Accounts/internal/controller/v1/auth/auth_c.go:27.112,33.2 1 24
github.com/ShatteredRealms/Accounts/internal/controller/v1/auth/auth_c.go:45.47,47.20 2 10
github.com/ShatteredRealms/Accounts/internal/controller/v1/auth/auth_c.go:53.2,54.16 2 9
github.com/ShatteredRealms/Accounts/internal/controller/v1/auth/auth_c.go:60.2,62.16 3 8
github.com/ShatteredRealms/Accounts/internal/controller/v1/auth/auth_c.go:68.2,68.23 1 7
github.com/ShatteredRealms/Accounts/internal/controller/v1/auth/auth_c.go:74.2,74.26 1 6
github.com/ShatteredRealms/Accounts/internal/controller/v1/auth/auth_c.go:80.2,81.20 2 5
github.com/ShatteredRealms/Accounts/internal/controller/v1/auth/auth_c.go:87.2,88.16 2 4
github.com/ShatteredRealms/Accounts/internal/controller/v1/auth/auth_c.go:94.2,95.16 2 2
github.com/ShatteredRealms/Accounts/internal/controller/v1/auth/auth_c.go:101.2,107.31 4 1
github.com/ShatteredRealms/Accounts/internal/controller/v1/auth/auth_c.go:47.20,51.3 3 1
github.com/ShatteredRealms/Accounts/internal/controller/v1/auth/auth_c.go:54.16,58.3 3 1
github.com/ShatteredRealms/Accounts/internal/controller/v1/auth/auth_c.go:62.16,66.3 3 1
github.com/ShatteredRealms/Accounts/internal/controller/v1/auth/auth_c.go:68.23,72.3 3 1
github.com/ShatteredRealms/Accounts/internal/controller/v1/auth/auth_c.go:74.26,78.3 3 1
github.com/ShatteredRealms/Accounts/internal/controller/v1/auth/auth_c.go:81.20,85.3 3 1
github.com/ShatteredRealms/Accounts/internal/controller/v1/auth/auth_c.go:88.16,92.3 3 2
github.com/ShatteredRealms/Accounts/internal/controller/v1/auth/auth_c.go:95.16,99.3 3 1
github.com/ShatteredRealms/Accounts/internal/controller/v1/auth/auth_c.go:121.50,123.20 2 6
github.com/ShatteredRealms/Accounts/internal/controller/v1/auth/auth_c.go:129.2,130.16 2 5
github.com/ShatteredRealms/Accounts/internal/controller/v1/auth/auth_c.go:136.2,138.16 3 4
github.com/ShatteredRealms/Accounts/internal/controller/v1/auth/auth_c.go:144.2,152.16 3 3
github.com/ShatteredRealms/Accounts/internal/controller/v1/auth/auth_c.go:165.2,166.16 2 2
github.com/ShatteredRealms/Accounts/internal/controller/v1/auth/auth_c.go:172.2,177.31 4 1
github.com/ShatteredRealms/Accounts/internal/controller/v1/auth/auth_c.go:123.20,127.3 3 1
github.com/ShatteredRealms/Accounts/internal/controller/v1/auth/auth_c.go:130.16,134.3 3 1
github.com/ShatteredRealms/Accounts/internal/controller/v1/auth/auth_c.go:138.16,142.3 3 1
github.com/ShatteredRealms/Accounts/internal/controller/v1/auth/auth_c.go:152.16,163.3 8 1
github.com/ShatteredRealms/Accounts/internal/controller/v1/auth/auth_c.go:166.16,170.3 3 1
github.com/ShatteredRealms/Accounts/internal/controller/v1/auth/auth_c.go:180.76,190.2 3 4
github.com/ShatteredRealms/Accounts/internal/router/v1/health_r.go:9.43,11.2 1 0
github.com/ShatteredRealms/Accounts/internal/router/v1/router.go:21.99,22.24 1 0
github.com/ShatteredRealms/Accounts/internal/router/v1/router.go:26.2,31.24 5 0
github.com/ShatteredRealms/Accounts/internal/router/v1/router.go:35.2,36.49 2 0
github.com/ShatteredRealms/Accounts/internal/router/v1/router.go:40.2,42.16 3 0
github.com/ShatteredRealms/Accounts/internal/router/v1/router.go:46.2,51.20 5 0
github.com/ShatteredRealms/Accounts/internal/router/v1/router.go:22.24,24.3 1 0
github.com/ShatteredRealms/Accounts/internal/router/v1/router.go:31.24,33.3 1 0
github.com/ShatteredRealms/Accounts/internal/router/v1/router.go:36.49,38.3 1 0
github.com/ShatteredRealms/Accounts/internal/router/v1/router.go:42.16,44.3 1 0
github.com/ShatteredRealms/Accounts/internal/router/v1/router.go:54.39,55.30 1 0
github.com/ShatteredRealms/Accounts/internal/router/v1/router.go:55.30,57.3 1 0
github.com/ShatteredRealms/Accounts/internal/router/v1/router.go:60.43,62.2 1 0
github.com/ShatteredRealms/Accounts/internal/router/v1/router.go:64.46,65.30 1 0
github.com/ShatteredRealms/Accounts/internal/router/v1/router.go:65.30,71.53 2 0
github.com/ShatteredRealms/Accounts/internal/router/v1/router.go:75.3,75.11 1 0
github.com/ShatteredRealms/Accounts/internal/router/v1/router.go:71.53,73.4 1 0
github.com/ShatteredRealms/Accounts/internal/router/v1/auth_r.go:11.114,15.2 3 0
